mktextfm FZSSJW--GB1-0/OT
mktextfm FZSSJW--GB1-0/OT
mktextfm FZKTJW--GB1-0/OT
mktextfm FZKTJW--GB1-0/B/OT
mktextfm FZHTJW--GB1-0/OT
mktextfm FZHTJW--GB1-0/I/OT
mktextfm FZSSJW--GB1-0/OT
mktextfm FZSSJW--GB1-0/BI/OT
mktextfm FZSSJW--GB1-0/OT
mktextfm FZSSJW--GB1-0/OT
mktextfm FZHTJW--GB1-0/OT
mktextfm FZHTJW--GB1-0/OT
mktextfm FZKTJW--GB1-0/OT
mktextfm FZKTJW--GB1-0/OT
mktextfm STXihei/OT
mktextfm STXihei/OT
mktextfm STXihei/OT
mktextfm STXihei/I/OT
mktextfm STXihei/OT
mktextfm STXihei/BI/OT
mktextfm STXihei/OT
mktextfm STXihei/I/OT
mktextfm STXihei/OT
mktextfm STXihei/OT
mktextfm STXihei/OT
mktextfm STXihei/OT
mktextfm STXihei/OT
mktextfm FZHTJW--GB1-0/OT
mktextfm FZHTJW--GB1-0/OT
mktextfm FZHTJW--GB1-0/OT
mktextfm FZSSJW--GB1-0/OT
mktextfm FZSSJW--GB1-0/OT
mktextfm FZSSJW--GB1-0/OT
mktextfm FZKTJW--GB1-0/OT
mktextfm FZKTJW--GB1-0/B/OT
mktextfm FZHTJW--GB1-0/OT
mktextfm FZHTJW--GB1-0/I/OT
mktextfm FZSSJW--GB1-0/OT
mktextfm FZSSJW--GB1-0/OT
mktextfm FZSSJW--GB1-0/OT
mktextfm FZKTJW--GB1-0/OT
mktextfm FZKTJW--GB1-0/B/OT
mktextfm FZHTJW--GB1-0/OT
mktextfm FZHTJW--GB1-0/I/OT
mktextfm FZSSJW--GB1-0/OT
mktextfm FZSSJW--GB1-0/BI/OT
mktextfm FZSSJW--GB1-0/OT
mktextfm FZSSJW--GB1-0/OT
mktextfm FZHTJW--GB1-0/OT
mktextfm FZHTJW--GB1-0/OT
mktextfm FZKTJW--GB1-0/OT
mktextfm FZKTJW--GB1-0/OT
mktextfm STXihei/OT
mktextfm STXihei/OT
mktextfm STXihei/OT
mktextfm STXihei/I/OT
mktextfm STXihei/OT
mktextfm STXihei/BI/OT
mktextfm STXihei/OT
mktextfm STXihei/I/OT
mktextfm STXihei/OT
mktextfm STXihei/OT
mktextfm STXihei/OT
mktextfm STXihei/OT
mktextfm STXihei/OT
mktextfm FZHTJW--GB1-0/OT
mktextfm FZSSJW--GB1-0/OT
mktextfm FZHTJW--GB1-0/OT
mktextfm FZSSJW--GB1-0/OT
mktextfm FZSSJW--GB1-0/OT
mktextfm FZSSJW--GB1-0/OT
mktextfm FZKTJW--GB1-0/OT
mktextfm FZKTJW--GB1-0/B/OT
mktextfm FZHTJW--GB1-0/OT
mktextfm FZHTJW--GB1-0/I/OT
mktextfm FZSSJW--GB1-0/OT
mktextfm FZSSJW--GB1-0/BI/OT
mktextfm FZSSJW--GB1-0/OT
mktextfm FZSSJW--GB1-0/OT
mktextfm FZHTJW--GB1-0/OT
mktextfm FZHTJW--GB1-0/OT
mktextfm FZKTJW--GB1-0/OT
mktextfm FZKTJW--GB1-0/OT
mktextfm STXihei/OT
mktextfm STXihei/OT
mktextfm STXihei/OT
mktextfm STXihei/I/OT
mktextfm STXihei/OT
mktextfm STXihei/BI/OT
mktextfm STXihei/OT
mktextfm STXihei/I/OT
mktextfm STXihei/OT
mktextfm STXihei/OT
mktextfm STXihei/OT
mktextfm STXihei/OT
mktextfm STXihei/OT
mktextfm FZHTJW--GB1-0/OT
mktextfm FZHTJW--GB1-0/OT
mktextfm FZSSJW--GB1-0/OT
mktextfm FZSSJW--GB1-0/OT
