\BOOKMARK [-1][-]{part.1}{\376\377\173\054\116\000\220\350\122\006\000\040\000G\000n\000u\000/\000L\000i\000n\000u\000x\127\372\170\100\167\345\213\306\173\307}{}% 1
\BOOKMARK [0][-]{chapter.1}{\376\377\121\163\116\216\147\054\116\146}{part.1}% 2
\BOOKMARK [1][-]{section.1.1}{\376\377\000G\000n\000u\213\241\122\022}{chapter.1}% 3
\BOOKMARK [2][-]{subsection.1.1.1}{\376\377\126\376\162\107\153\043\215\117}{section.1.1}% 4
\BOOKMARK [1][-]{section.1.2}{\376\377\147\054\116\146\117\177\165\050\166\204\144\315\117\134\174\373\176\337}{chapter.1}% 5
\BOOKMARK [0][-]{chapter.2}{\376\377\136\070\165\050\124\175\116\344\117\177\165\050}{part.1}% 6
\BOOKMARK [1][-]{section.2.1}{\376\377\124\175\116\344\210\114\116\013\166\204\137\353\143\167\225\056}{chapter.2}% 7
\BOOKMARK [2][-]{subsection.2.1.1}{\376\377\136\070\165\050\137\353\143\167\225\056\116\313\176\315}{section.2.1}% 8
\BOOKMARK [1][-]{section.2.2}{\376\377\117\177\165\050\000m\000a\000n\000\040\000p\000a\000g\000e\203\267\137\227\136\056\122\251}{chapter.2}% 9
\BOOKMARK [1][-]{section.2.3}{\376\377\000e\000c\000h\000o\116\016\176\310\172\357\230\234\202\162}{chapter.2}% 10
\BOOKMARK [2][-]{subsection.2.3.1}{\376\377\176\310\172\357\230\234\202\162}{section.2.3}% 11
\BOOKMARK [1][-]{section.2.4}{\376\377\000d\000a\000t\000e\124\175\116\344\166\204\117\177\165\050}{chapter.2}% 12
\BOOKMARK [1][-]{section.2.5}{\376\377\000y\000u\000m\124\175\116\344\166\204\117\177\165\050}{chapter.2}% 13
\BOOKMARK [1][-]{section.2.6}{\376\377\000z\000y\000p\000p\000e\000r\124\175\116\344\166\204\117\177\165\050}{chapter.2}% 14
\BOOKMARK [2][-]{subsection.2.6.1}{\376\377\000z\000y\000p\000p\000e\000r\147\054\127\060\156\220\166\204\221\115\177\156}{section.2.6}% 15
\BOOKMARK [2][-]{subsection.2.6.2}{\376\377\000z\000y\000p\000p\000e\000r\124\175\116\344\220\011\230\171\116\313\176\315}{section.2.6}% 16
\BOOKMARK [1][-]{section.2.7}{\376\377\000p\000a\000r\000t\000e\000d\124\175\116\344\166\204\117\177\165\050}{chapter.2}% 17
\BOOKMARK [1][-]{section.2.8}{\376\377\000m\000o\000u\000n\000t\124\175\116\344\166\204\117\177\165\050}{chapter.2}% 18
\BOOKMARK [1][-]{section.2.9}{\376\377\000g\000r\000e\000p\124\175\116\344\166\204\117\177\165\050}{chapter.2}% 19
\BOOKMARK [2][-]{subsection.2.9.1}{\376\377\136\070\165\050\220\011\230\171}{section.2.9}% 20
\BOOKMARK [2][-]{subsection.2.9.2}{\376\377\116\000\116\233\133\236\117\213}{section.2.9}% 21
\BOOKMARK [1][-]{section.2.10}{\376\377\000c\000r\000o\000n\000t\000a\000b\124\175\116\344\166\204\117\177\165\050}{chapter.2}% 22
\BOOKMARK [1][-]{section.2.11}{\376\377\000f\000i\000n\000d\124\175\116\344\166\204\117\177\165\050}{chapter.2}% 23
\BOOKMARK [1][-]{section.2.12}{\376\377\000t\000o\000p\124\175\116\344\166\204\117\177\165\050}{chapter.2}% 24
\BOOKMARK [1][-]{section.2.13}{\376\377\000f\000r\000e\000e\124\175\116\344\166\204\117\177\165\050}{chapter.2}% 25
\BOOKMARK [2][-]{subsection.2.13.1}{\376\377\136\070\165\050\220\011\230\171}{section.2.13}% 26
\BOOKMARK [2][-]{subsection.2.13.2}{\376\377\116\000\116\233\133\236\117\213}{section.2.13}% 27
\BOOKMARK [1][-]{section.2.14}{\376\377\000x\000a\000r\000g\000s\124\175\116\344\166\204\117\177\165\050}{chapter.2}% 28
\BOOKMARK [1][-]{section.2.15}{\376\377\000t\000r\124\175\116\344\166\204\117\177\165\050}{chapter.2}% 29
\BOOKMARK [1][-]{section.2.16}{\376\377\000t\000a\000r\124\175\116\344\166\204\117\177\165\050}{chapter.2}% 30
\BOOKMARK [1][-]{section.2.17}{\376\377\000r\000e\000a\000d\124\175\116\344\166\204\117\177\165\050}{chapter.2}% 31
\BOOKMARK [2][-]{subsection.2.17.1}{\376\377\136\070\165\050\220\011\230\171}{section.2.17}% 32
\BOOKMARK [2][-]{subsection.2.17.2}{\376\377\116\000\116\233\133\236\117\213}{section.2.17}% 33
\BOOKMARK [1][-]{section.2.18}{\376\377\000c\000u\000t\124\175\116\344\166\204\117\177\165\050}{chapter.2}% 34
\BOOKMARK [2][-]{subsection.2.18.1}{\376\377\136\070\165\050\220\011\230\171}{section.2.18}% 35
\BOOKMARK [2][-]{subsection.2.18.2}{\376\377\116\000\116\233\133\236\117\213}{section.2.18}% 36
\BOOKMARK [1][-]{section.2.19}{\376\377\000s\000o\000r\000t\124\175\116\344\166\204\117\177\165\050}{chapter.2}% 37
\BOOKMARK [2][-]{subsection.2.19.1}{\376\377\136\070\165\050\220\011\230\171}{section.2.19}% 38
\BOOKMARK [2][-]{subsection.2.19.2}{\376\377\116\000\116\233\133\236\117\213}{section.2.19}% 39
\BOOKMARK [1][-]{section.2.20}{\376\377\000l\000s\000o\000f\124\175\116\344\166\204\117\177\165\050}{chapter.2}% 40
\BOOKMARK [2][-]{subsection.2.20.1}{\376\377\140\142\131\015\122\040\226\144\166\204\145\207\116\366}{section.2.20}% 41
\BOOKMARK [1][-]{section.2.21}{\376\377\000n\000e\000t\000s\000t\000a\000t\124\175\116\344\166\204\117\177\165\050}{chapter.2}% 42
\BOOKMARK [1][-]{section.2.22}{\376\377\000t\000c\000p\000d\000u\000m\000p\124\175\116\344\166\204\117\177\165\050}{chapter.2}% 43
\BOOKMARK [1][-]{section.2.23}{\376\377\000t\000r\000a\000c\000e\000r\000o\000u\000t\000e\124\175\116\344\166\204\117\177\165\050}{chapter.2}% 44
\BOOKMARK [1][-]{section.2.24}{\376\377\000w\000g\000e\000t\124\175\116\344\166\204\117\177\165\050}{chapter.2}% 45
\BOOKMARK [1][-]{section.2.25}{\376\377\000s\000c\000r\000e\000e\000n\124\175\116\344\166\204\117\177\165\050}{chapter.2}% 46
\BOOKMARK [2][-]{subsection.2.25.1}{\376\377\000s\000c\000r\000e\000e\000n\136\070\165\050\123\302\145\160}{section.2.25}% 47
\BOOKMARK [2][-]{subsection.2.25.2}{\376\377\117\177\165\050\000s\000c\000r\000e\000e\000n}{section.2.25}% 48
\BOOKMARK [1][-]{section.2.26}{\376\377\000i\000p\000t\000a\000b\000l\000e\000s\166\204\117\177\165\050}{chapter.2}% 49
\BOOKMARK [2][-]{subsection.2.26.1}{\376\377\121\205\177\121\147\072\126\150\220\032\217\307\000i\000p\000t\000a\000b\000l\000e\000s\213\277\225\356\116\222\200\124\177\121}{section.2.26}% 50
\BOOKMARK [2][-]{subsection.2.26.2}{\376\377\000i\000p\000t\000a\000b\000l\000e\000s\116\113\172\357\123\343\217\154\123\321}{section.2.26}% 51
\BOOKMARK [1][-]{section.2.27}{\376\377\000q\000p\000e\000r\000f\124\175\116\344\166\204\117\177\165\050}{chapter.2}% 52
\BOOKMARK [2][-]{subsection.2.27.1}{\376\377\123\302\145\160\213\364\146\016\123\312\171\072\117\213}{section.2.27}% 53
\BOOKMARK [1][-]{section.2.28}{\376\377\000i\000p\000e\000r\000f\124\175\116\344\166\204\117\177\165\050}{chapter.2}% 54
\BOOKMARK [2][-]{subsection.2.28.1}{\376\377\123\302\145\160\213\364\146\016\123\312\171\072\117\213}{section.2.28}% 55
\BOOKMARK [1][-]{section.2.29}{\376\377\000v\000m\000s\000t\000a\000t\124\175\116\344\166\204\117\177\165\050}{chapter.2}% 56
\BOOKMARK [1][-]{section.2.30}{\376\377\000i\000o\000s\000t\000a\000t\124\175\116\344\166\204\117\177\165\050}{chapter.2}% 57
\BOOKMARK [1][-]{section.2.31}{\376\377\000s\000a\000r\124\175\116\344\166\204\117\177\165\050}{chapter.2}% 58
\BOOKMARK [0][-]{chapter.3}{\376\377\000v\000i\000m\177\026\217\221\126\150}{part.1}% 59
\BOOKMARK [1][-]{section.3.1}{\376\377\000v\000i\000m\166\204\121\340\171\315\152\041\137\017}{chapter.3}% 60
\BOOKMARK [2][-]{subsection.3.1.1}{\376\377\217\223\121\145\152\041\137\017}{section.3.1}% 61
\BOOKMARK [2][-]{subsection.3.1.2}{\376\377\124\175\116\344\152\041\137\017}{section.3.1}% 62
\BOOKMARK [2][-]{subsection.3.1.3}{\376\377\000v\000i\000m\166\204\121\166\116\326\116\000\116\233\143\007\116\344}{section.3.1}% 63
\BOOKMARK [1][-]{section.3.2}{\376\377\000v\000i\000m\166\204\116\000\116\233\134\017\142\200\135\347}{chapter.3}% 64
\BOOKMARK [1][-]{section.3.3}{\376\377\000v\000i\000m\131\015\122\066\174\230\215\064\123\312\122\152\122\007\147\177}{chapter.3}% 65
\BOOKMARK [1][-]{section.3.4}{\376\377\000v\000i\000m\221\115\177\156\145\207\116\366}{chapter.3}% 66
\BOOKMARK [0][-]{chapter.4}{\376\377\000B\000a\000s\000h\201\032\147\054}{part.1}% 67
\BOOKMARK [1][-]{section.4.1}{\376\377\153\143\122\031\210\150\217\276\137\017}{chapter.4}% 68
\BOOKMARK [2][-]{subsection.4.1.1}{\376\377\153\143\122\031\210\150\217\276\137\017\213\355\154\325}{section.4.1}% 69
\BOOKMARK [2][-]{subsection.4.1.2}{\376\377\116\000\116\233\133\236\117\213}{section.4.1}% 70
\BOOKMARK [1][-]{section.4.2}{\376\377\000a\000w\000k}{chapter.4}% 71
\BOOKMARK [2][-]{subsection.4.2.1}{\376\377\122\035\153\145\117\177\165\050}{section.4.2}% 72
\BOOKMARK [2][-]{subsection.4.2.2}{\376\377\000a\000w\000k\172\013\136\217\176\323\147\204}{section.4.2}% 73
\BOOKMARK [2][-]{subsection.4.2.3}{\376\377\000B\000E\000G\000I\000N\116\016\000E\000N\000D}{section.4.2}% 74
\BOOKMARK [2][-]{subsection.4.2.4}{\376\377\127\337\124\214\213\260\137\125}{section.4.2}% 75
\BOOKMARK [2][-]{subsection.4.2.5}{\376\377\121\205\177\156\123\330\221\317}{section.4.2}% 76
\BOOKMARK [2][-]{subsection.4.2.6}{\376\377\000O\000n\000e\000-\000l\000i\000n\000e\000r\000s\000\040\000a\000w\000k\172\013\136\217}{section.4.2}% 77
\BOOKMARK [2][-]{subsection.4.2.7}{\376\377\147\141\116\366\124\214\137\252\163\257}{section.4.2}% 78
\BOOKMARK [2][-]{subsection.4.2.8}{\376\377\000i\000f\000-\000e\000l\000s\000e\213\355\123\345}{section.4.2}% 79
\BOOKMARK [2][-]{subsection.4.2.9}{\376\377\000w\000h\000i\000l\000e\137\252\163\257}{section.4.2}% 80
\BOOKMARK [2][-]{subsection.4.2.10}{\376\377\000f\000o\000r\137\252\163\257}{section.4.2}% 81
\BOOKMARK [2][-]{subsection.4.2.11}{\376\377\000d\000o\137\252\163\257}{section.4.2}% 82
\BOOKMARK [2][-]{subsection.4.2.12}{\376\377\137\161\124\315\155\101\143\247\122\066\166\204\213\355\123\345}{section.4.2}% 83
\BOOKMARK [2][-]{subsection.4.2.13}{\376\377\145\160\176\304}{section.4.2}% 84
\BOOKMARK [2][-]{subsection.4.2.14}{\376\377\210\150\217\276\137\017}{section.4.2}% 85
\BOOKMARK [2][-]{subsection.4.2.15}{\376\377\121\375\145\160}{section.4.2}% 86
\BOOKMARK [2][-]{subsection.4.2.16}{\376\377\140\073\176\323}{section.4.2}% 87
\BOOKMARK [1][-]{section.4.3}{\376\377\000s\000e\000d}{chapter.4}% 88
\BOOKMARK [2][-]{subsection.4.3.1}{\376\377\123\071\221\115}{section.4.3}% 89
\BOOKMARK [2][-]{subsection.4.3.2}{\376\377\123\330\221\317\133\232\116\111}{section.4.3}% 90
\BOOKMARK [2][-]{subsection.4.3.3}{\376\377\162\171\153\212\123\330\221\317}{section.4.3}% 91
\BOOKMARK [2][-]{subsection.4.3.4}{\376\377\145\160\176\304}{section.4.3}% 92
\BOOKMARK [2][-]{subsection.4.3.5}{\376\377\122\040\226\144}{section.4.3}% 93
\BOOKMARK [2][-]{subsection.4.3.6}{\376\377\146\377\143\142}{section.4.3}% 94
\BOOKMARK [2][-]{subsection.4.3.7}{\376\377\217\375\122\240\060\001\143\322\121\145\124\214\146\364\145\071}{section.4.3}% 95
\BOOKMARK [2][-]{subsection.4.3.8}{\376\377\152\041\137\017\172\172\225\364\124\214\117\335\165\131\172\172\225\364}{section.4.3}% 96
\BOOKMARK [2][-]{subsection.4.3.9}{\376\377\155\101\143\247\122\066}{section.4.3}% 97
\BOOKMARK [2][-]{subsection.4.3.10}{\376\377\127\060\127\100\203\003\126\364}{section.4.3}% 98
\BOOKMARK [2][-]{subsection.4.3.11}{\376\377\214\003\165\050\131\026\220\350\123\330\221\317}{section.4.3}% 99
\BOOKMARK [2][-]{subsection.4.3.12}{\376\377\140\073\176\323}{section.4.3}% 100
\BOOKMARK [1][-]{section.4.4}{\376\377\213\355\154\325\116\313\176\315}{chapter.4}% 101
\BOOKMARK [2][-]{subsection.4.4.1}{\376\377\123\330\221\317\133\232\116\111}{section.4.4}% 102
\BOOKMARK [2][-]{subsection.4.4.2}{\376\377\162\171\153\212\123\330\221\317}{section.4.4}% 103
\BOOKMARK [2][-]{subsection.4.4.3}{\376\377\123\330\221\317\215\113\120\074\124\214\146\377\143\142}{section.4.4}% 104
\BOOKMARK [2][-]{subsection.4.4.4}{\376\377\147\054\127\060\123\330\221\317\116\016\121\150\134\100\123\330\221\317}{section.4.4}% 105
\BOOKMARK [2][-]{subsection.4.4.5}{\376\377\137\025\165\050\123\330\221\317}{section.4.4}% 106
\BOOKMARK [2][-]{subsection.4.4.6}{\376\377\145\160\176\304}{section.4.4}% 107
\BOOKMARK [2][-]{subsection.4.4.7}{\376\377\162\171\153\212\133\127\173\046}{section.4.4}% 108
\BOOKMARK [1][-]{section.4.5}{\376\377\127\372\147\054\155\101\172\013}{chapter.4}% 109
\BOOKMARK [2][-]{subsection.4.5.1}{\376\377\000i\000f\176\323\147\204}{section.4.5}% 110
\BOOKMARK [2][-]{subsection.4.5.2}{\376\377\000f\000o\000r\176\323\147\204}{section.4.5}% 111
\BOOKMARK [2][-]{subsection.4.5.3}{\376\377\000w\000h\000i\000l\000e\176\323\147\204}{section.4.5}% 112
\BOOKMARK [1][-]{section.4.6}{\376\377\144\315\117\134\133\127\173\046\116\062}{chapter.4}% 113
\BOOKMARK [1][-]{section.4.7}{\376\377\121\375\145\160}{chapter.4}% 114
\BOOKMARK [1][-]{section.4.8}{\376\377\117\341\123\367\143\125\143\111}{chapter.4}% 115
\BOOKMARK [1][-]{section.4.9}{\376\377\137\000\147\072\201\032\147\054\124\057\122\250\230\172\136\217}{chapter.4}% 116
\BOOKMARK [1][-]{section.4.10}{\376\377\116\000\116\052\133\236\117\213}{chapter.4}% 117
\BOOKMARK [-1][-]{part.2}{\376\377\173\054\116\214\220\350\122\006\000\040\145\160\143\156\136\223\173\307}{}% 118
\BOOKMARK [0][-]{chapter.5}{\376\377\000M\000y\000S\000Q\000L\145\160\143\156\136\223\127\372\147\054\167\345\213\306}{part.2}% 119
\BOOKMARK [1][-]{section.5.1}{\376\377\133\130\120\250\213\276\131\007\221\115\177\156}{chapter.5}% 120
\BOOKMARK [2][-]{subsection.5.1.1}{\376\377\147\204\136\372\145\207\116\366\174\373\176\337}{section.5.1}% 121
\BOOKMARK [2][-]{subsection.5.1.2}{\376\377\143\002\217\175\145\207\116\366\174\373\176\337}{section.5.1}% 122
\BOOKMARK [1][-]{section.5.2}{\376\377\133\211\210\305\000M\000y\000S\000Q\000L}{chapter.5}% 123
\BOOKMARK [2][-]{subsection.5.2.1}{\376\377\122\033\136\372\000M\000y\000S\000Q\000L\165\050\142\067}{section.5.2}% 124
\BOOKMARK [2][-]{subsection.5.2.2}{\376\377\133\211\210\305\000M\000y\000S\000Q\000L}{section.5.2}% 125
\BOOKMARK [1][-]{section.5.3}{\376\377\144\315\117\134\174\373\176\337\221\115\177\156}{chapter.5}% 126
\BOOKMARK [2][-]{subsection.5.3.1}{\376\377\217\333\172\013\145\207\116\366\145\160\221\115\177\156}{section.5.3}% 127
\BOOKMARK [2][-]{subsection.5.3.2}{\376\377\000s\000y\000s\000c\000t\000l\221\115\177\156}{section.5.3}% 128
\BOOKMARK [2][-]{subsection.5.3.3}{\376\377\000c\000g\000r\000o\000u\000p\221\115\177\156}{section.5.3}% 129
\BOOKMARK [2][-]{subsection.5.3.4}{\376\377\000c\000g\000r\000u\000l\000e\221\115\177\156}{section.5.3}% 130
\BOOKMARK [1][-]{section.5.4}{\376\377\000M\000y\000S\000Q\000L\221\115\177\156}{chapter.5}% 131
\BOOKMARK [2][-]{subsection.5.4.1}{\376\377\172\013\136\217\145\207\116\366\124\214\166\356\137\125\221\115\177\156}{section.5.4}% 132
\BOOKMARK [2][-]{subsection.5.4.2}{\376\377\131\032\133\236\117\213\221\115\177\156}{section.5.4}% 133
\BOOKMARK [1][-]{section.5.5}{\376\377\145\160\143\156\136\223\145\345\136\070\173\241\164\006}{chapter.5}% 134
\BOOKMARK [2][-]{subsection.5.5.1}{\376\377\133\236\117\213\122\007\143\142}{section.5.5}% 135
\BOOKMARK [2][-]{subsection.5.5.2}{\376\377\000M\000y\000S\000Q\000L\124\057\122\250}{section.5.5}% 136
\BOOKMARK [2][-]{subsection.5.5.3}{\376\377\000M\000y\000S\000Q\000L\121\163\225\355}{section.5.5}% 137
\BOOKMARK [1][-]{section.5.6}{\376\377\131\202\117\125\217\333\121\145\000M\000y\000S\000Q\000L\145\160\143\156\136\223}{chapter.5}% 138
\BOOKMARK [1][-]{section.5.7}{\376\377\131\202\117\125\136\372\136\223\136\372\210\150}{chapter.5}% 139
\BOOKMARK [1][-]{section.5.8}{\376\377\173\200\123\125\000s\000q\000l\213\355\123\345\166\204\117\177\165\050}{chapter.5}% 140
\BOOKMARK [2][-]{subsection.5.8.1}{\376\377\000c\000r\000e\000a\000t\000e\213\355\123\345\166\204\117\177\165\050}{section.5.8}% 141
\BOOKMARK [2][-]{subsection.5.8.2}{\376\377\000i\000n\000s\000e\000r\000t\213\355\123\345\166\204\117\177\165\050}{section.5.8}% 142
\BOOKMARK [2][-]{subsection.5.8.3}{\376\377\000s\000e\000l\000e\000c\000t\213\355\123\345\166\204\117\177\165\050}{section.5.8}% 143
\BOOKMARK [2][-]{subsection.5.8.4}{\376\377\000u\000p\000d\000a\000t\000e\213\355\123\345\166\204\117\177\165\050}{section.5.8}% 144
\BOOKMARK [1][-]{section.5.9}{\376\377\145\160\143\156\136\223\145\207\116\366\166\204\131\007\116\375}{chapter.5}% 145
\BOOKMARK [2][-]{subsection.5.9.1}{\376\377\145\160\143\156\136\223\145\207\116\366\166\204\133\374\121\372}{section.5.9}% 146
\BOOKMARK [2][-]{subsection.5.9.2}{\376\377\145\160\143\156\136\223\145\207\116\366\166\204\133\374\121\145}{section.5.9}% 147
\BOOKMARK [1][-]{section.5.10}{\376\377\136\070\165\050\124\175\116\344\140\073\176\323}{chapter.5}% 148
\BOOKMARK [2][-]{subsection.5.10.1}{\376\377\137\330\213\260\000M\000y\000S\000Q\000L\133\306\170\001}{section.5.10}% 149
\BOOKMARK [0][-]{chapter.6}{\376\377\000M\000y\000S\000Q\000L\131\015\122\066}{part.2}% 150
\BOOKMARK [1][-]{section.6.1}{\376\377\131\015\122\066\131\202\117\125\135\345\117\134}{chapter.6}% 151
\BOOKMARK [1][-]{section.6.2}{\376\377\000M\000y\000S\000Q\000L\131\015\122\066\123\237\164\006}{chapter.6}% 152
\BOOKMARK [1][-]{section.6.3}{\376\377\000M\000y\000S\000Q\000L\124\014\153\145\176\306\202\202}{chapter.6}% 153
\BOOKMARK [1][-]{section.6.4}{\376\377\000M\000y\000S\000Q\000L\123\112\124\014\153\145\221\115\177\156}{chapter.6}% 154
\BOOKMARK [0][-]{chapter.7}{\376\377\000M\000y\000S\000Q\000L\000+\000K\000e\000e\000p\000A\000l\000i\000v\000e\000d}{part.2}% 155
\BOOKMARK [1][-]{section.7.1}{\376\377\000K\000e\000e\000p\000A\000l\000i\000v\000e\000d\116\313\176\315}{chapter.7}% 156
\BOOKMARK [1][-]{section.7.2}{\376\377\155\113\213\325\124\014\153\145}{chapter.7}% 157
\BOOKMARK [1][-]{section.7.3}{\376\377\133\211\210\305\221\115\177\156\000K\000e\000e\000p\000A\000l\000i\000v\000e\000d}{chapter.7}% 158
\BOOKMARK [1][-]{section.7.4}{\376\377\124\057\122\250\000K\000e\000e\000p\000A\000l\000i\000v\000e\000d}{chapter.7}% 159
\BOOKMARK [0][-]{chapter.8}{\376\377\000M\000y\000S\000Q\000L\000+\000L\000V\000S}{part.2}% 160
\BOOKMARK [0][-]{chapter.9}{\376\377\000M\000H\000A}{part.2}% 161
\BOOKMARK [1][-]{section.9.1}{\376\377\133\236\232\214\163\257\130\203\213\364\146\016}{chapter.9}% 162
\BOOKMARK [2][-]{subsection.9.1.1}{\376\377\000S\000S\000H\145\340\133\306\170\001\220\032\117\341\213\276\177\156}{section.9.1}% 163
\BOOKMARK [1][-]{section.9.2}{\376\377\133\211\210\305\000M\000y\000S\000Q\000L}{chapter.9}% 164
\BOOKMARK [1][-]{section.9.3}{\376\377\133\211\210\305\123\312\221\115\177\156\000M\000H\000A}{chapter.9}% 165
\BOOKMARK [2][-]{subsection.9.3.1}{\376\377\133\211\210\305\000n\000o\000d\000e\202\202\160\271}{section.9.3}% 166
\BOOKMARK [2][-]{subsection.9.3.2}{\376\377\133\211\210\305\000m\000a\000n\000a\000g\000e\000r\202\202\160\271}{section.9.3}% 167
\BOOKMARK [-1][-]{part.3}{\376\377\173\054\116\011\220\350\122\006\000\040\127\372\147\054\147\015\122\241\173\307}{}% 168
\BOOKMARK [0][-]{chapter.10}{\376\377\136\070\165\050\127\372\147\054\147\015\122\241\166\204\144\055\136\372}{part.3}% 169
\BOOKMARK [1][-]{section.10.1}{\376\377\000D\000H\000C\000P}{chapter.10}% 170
\BOOKMARK [1][-]{section.10.2}{\376\377\000D\000N\000S}{chapter.10}% 171
\BOOKMARK [2][-]{subsection.10.2.1}{\376\377\155\113\213\325\163\257\130\203}{section.10.2}% 172
\BOOKMARK [2][-]{subsection.10.2.2}{\376\377\133\211\210\305\123\312\221\115\177\156\116\073\000D\000N\000S}{section.10.2}% 173
\BOOKMARK [2][-]{subsection.10.2.3}{\376\377\124\057\122\250\000D\000N\000S\147\015\122\241}{section.10.2}% 174
\BOOKMARK [1][-]{section.10.3}{\376\377\000F\000T\000P}{chapter.10}% 175
\BOOKMARK [1][-]{section.10.4}{\376\377\000N\000F\000S}{chapter.10}% 176
\BOOKMARK [2][-]{subsection.10.4.1}{\376\377\221\115\177\156\000N\000F\000S\147\015\122\241\126\150}{section.10.4}% 177
\BOOKMARK [2][-]{subsection.10.4.2}{\376\377\221\115\177\156\000N\000F\000S\133\242\142\067\172\357}{section.10.4}% 178
\BOOKMARK [1][-]{section.10.5}{\376\377\000K\000i\000c\000k\000s\000t\000a\000r\000t}{chapter.10}% 179
\BOOKMARK [2][-]{subsection.10.5.1}{\376\377\133\211\210\305\166\370\121\163\217\157\116\366\123\005}{section.10.5}% 180
\BOOKMARK [1][-]{section.10.6}{\376\377\000S\000a\000m\000b\000a}{chapter.10}% 181
\BOOKMARK [1][-]{section.10.7}{\376\377\000A\000p\000a\000c\000h\000e}{chapter.10}% 182
\BOOKMARK [2][-]{subsection.10.7.1}{\376\377\133\211\210\305\123\312\221\115\177\156\000A\000p\000a\000c\000h\000e}{section.10.7}% 183
\BOOKMARK [1][-]{section.10.8}{\376\377\000N\000g\000i\000n\000x}{chapter.10}% 184
\BOOKMARK [2][-]{subsection.10.8.1}{\376\377\121\163\116\216\000N\000g\000i\000n\000x}{section.10.8}% 185
\BOOKMARK [2][-]{subsection.10.8.2}{\376\377\000N\000g\000i\000n\000x\166\204\133\211\210\305\116\016\124\057\122\250}{section.10.8}% 186
\BOOKMARK [2][-]{subsection.10.8.3}{\376\377\000N\000g\000i\000n\000x\166\204\127\372\147\054\221\115\177\156}{section.10.8}% 187
\BOOKMARK [2][-]{subsection.10.8.4}{\376\377\133\211\121\150\166\204\217\336\143\245\000h\000t\000t\000p\000s}{section.10.8}% 188
\BOOKMARK [2][-]{subsection.10.8.5}{\376\377\000N\000g\000i\000n\000x\145\345\137\327\173\241\164\006}{section.10.8}% 189
\BOOKMARK [2][-]{subsection.10.8.6}{\376\377\000N\000g\000i\000n\000x\213\277\225\356\143\247\122\066}{section.10.8}% 190
\BOOKMARK [2][-]{subsection.10.8.7}{\376\377\000N\000g\000i\000n\000x\123\315\124\021\116\343\164\006}{section.10.8}% 191
\BOOKMARK [2][-]{subsection.10.8.8}{\376\377\000N\000g\000i\000n\000x\000\040\116\016\000\040\000L\000u\000a\000\040\176\323\124\010}{section.10.8}% 192
\BOOKMARK [1][-]{section.10.9}{\376\377\000L\000A\000M\000P}{chapter.10}% 193
\BOOKMARK [2][-]{subsection.10.9.1}{\376\377\133\211\210\305\117\235\215\126\123\005}{section.10.9}% 194
\BOOKMARK [2][-]{subsection.10.9.2}{\376\377\133\211\210\305\230\235\131\026\166\204\123\005}{section.10.9}% 195
\BOOKMARK [2][-]{subsection.10.9.3}{\376\377\177\026\213\321\133\211\210\305\000M\000y\000S\000Q\000L}{section.10.9}% 196
\BOOKMARK [2][-]{subsection.10.9.4}{\376\377\177\026\213\321\133\211\210\305\000A\000p\000a\000c\000h\000e}{section.10.9}% 197
\BOOKMARK [2][-]{subsection.10.9.5}{\376\377\177\026\213\321\133\211\210\305\000P\000H\000P}{section.10.9}% 198
\BOOKMARK [2][-]{subsection.10.9.6}{\376\377\133\211\210\305\000Z\000e\000n\000d\122\240\220\037\126\150}{section.10.9}% 199
\BOOKMARK [2][-]{subsection.10.9.7}{\376\377\145\164\124\010\000A\000p\000a\000c\000h\000e\116\016\000P\000H\000P}{section.10.9}% 200
\BOOKMARK [1][-]{section.10.10}{\376\377\000N\000a\000g\000i\000o\000s}{chapter.10}% 201
\BOOKMARK [2][-]{subsection.10.10.1}{\376\377\121\163\116\216\000N\000a\000g\000i\000o\000s}{section.10.10}% 202
\BOOKMARK [0][-]{chapter.11}{\376\377\131\032\177\121\123\141\176\321\133\232\000b\000o\000n\000d\000i\000n\000g}{part.3}% 203
\BOOKMARK [1][-]{section.11.1}{\376\377\000b\000o\000n\000d\000i\000n\000g\166\204\121\340\171\315\152\041\137\017}{chapter.11}% 204
\BOOKMARK [1][-]{section.11.2}{\376\377\000R\000H\000E\000L\116\013\221\115\177\156\000b\000o\000n\000d\000i\000n\000g}{chapter.11}% 205
\BOOKMARK [1][-]{section.11.3}{\376\377\000S\000u\000S\000E\116\013\221\115\177\156\000b\000o\000n\000d\000i\000n\000g}{chapter.11}% 206
\BOOKMARK [1][-]{section.11.4}{\376\377\123\125\177\121\123\141\131\032\000I\000P\221\115\177\156}{chapter.11}% 207
\BOOKMARK [0][-]{chapter.12}{\376\377\000R\000A\000I\000D\142\200\147\057}{part.3}% 208
\BOOKMARK [1][-]{section.12.1}{\376\377\000R\000A\000I\000D\127\372\170\100\167\345\213\306}{chapter.12}% 209
\BOOKMARK [2][-]{subsection.12.1.1}{\376\377\000R\000A\000I\000D\211\343\121\263\116\206\116\300\116\110\225\356\230\230}{section.12.1}% 210
\BOOKMARK [1][-]{section.12.2}{\376\377\000R\000A\000I\000D\133\236\163\260\145\271\137\017}{chapter.12}% 211
\BOOKMARK [2][-]{subsection.12.2.1}{\376\377\000R\000A\000I\000D\0000\145\160\143\156\176\304\176\307\123\237\164\006}{section.12.2}% 212
\BOOKMARK [2][-]{subsection.12.2.2}{\376\377\000R\000A\000I\000D\0001\145\160\143\156\176\304\176\307\123\237\164\006}{section.12.2}% 213
\BOOKMARK [2][-]{subsection.12.2.3}{\376\377\000R\000A\000I\000D\0001\0000\145\160\143\156\176\304\176\307\123\237\164\006}{section.12.2}% 214
\BOOKMARK [2][-]{subsection.12.2.4}{\376\377\000R\000A\000I\000D\0005\145\160\143\156\176\304\176\307\123\237\164\006}{section.12.2}% 215
\BOOKMARK [1][-]{section.12.3}{\376\377\000M\000e\000g\000a\000R\000A\000I\000D\000\040\000C\000l\000i\135\345\121\167\127\372\147\054\117\177\165\050}{chapter.12}% 216
\BOOKMARK [2][-]{subsection.12.3.1}{\376\377\122\066\117\134\000R\000A\000I\000D}{section.12.3}% 217
\BOOKMARK [2][-]{subsection.12.3.2}{\376\377\122\040\226\144\000R\000A\000I\000D}{section.12.3}% 218
\BOOKMARK [-1][-]{part.4}{\376\377\173\054\126\333\220\350\122\006\000\040\226\306\177\244\145\271\150\110\173\307}{}% 219
\BOOKMARK [0][-]{chapter.13}{\376\377\226\306\177\244\127\372\170\100\167\345\213\306}{part.4}% 220
\BOOKMARK [1][-]{section.13.1}{\376\377\226\306\177\244\151\202\217\360}{chapter.13}% 221
\BOOKMARK [1][-]{section.13.2}{\376\377\226\306\177\244\174\173\127\213}{chapter.13}% 222
\BOOKMARK [0][-]{chapter.14}{\376\377\000K\000e\000e\000p\000a\000l\000i\000v\000e\000d}{part.4}% 223
\BOOKMARK [1][-]{section.14.1}{\376\377\000K\000e\000e\000p\000a\000l\000i\000v\000e\000d\173\200\116\313}{chapter.14}% 224
\BOOKMARK [1][-]{section.14.2}{\376\377\000K\000e\000e\000p\000a\000l\000i\000v\000e\000d\133\211\210\305\220\350\177\162}{chapter.14}% 225
\BOOKMARK [2][-]{subsection.14.2.1}{\376\377\163\257\130\203\121\306\131\007}{section.14.2}% 226
\BOOKMARK [2][-]{subsection.14.2.2}{\376\377\137\000\131\313\133\211\210\305}{section.14.2}% 227
\BOOKMARK [2][-]{subsection.14.2.3}{\376\377\000K\000e\000e\000p\000a\000l\000i\000v\000e\000d\221\115\177\156\116\313\176\315}{section.14.2}% 228
\BOOKMARK [1][-]{section.14.3}{\376\377\217\320\210\114\147\015\122\241\116\016\145\105\226\234\152\041\142\337}{chapter.14}% 229
\BOOKMARK [0][-]{chapter.15}{\376\377\000L\000V\000S\000+\000K\000e\000e\000p\000a\000l\000i\000v\000e\000d\215\037\217\175\127\107\210\141\226\306\177\244}{part.4}% 230
\BOOKMARK [1][-]{section.15.1}{\376\377\000L\000V\000S\214\003\136\246\173\227\154\325}{chapter.15}% 231
\BOOKMARK [1][-]{section.15.2}{\376\377\133\211\210\305\000L\000V\000S}{chapter.15}% 232
\BOOKMARK [2][-]{subsection.15.2.1}{\376\377\163\257\130\203\121\306\131\007}{section.15.2}% 233
\BOOKMARK [0][-]{chapter.16}{\376\377\000H\000e\000a\000r\000t\000b\000e\000a\000t\232\330\123\357\165\050\226\306\177\244}{part.4}% 234
\BOOKMARK [1][-]{section.16.1}{\376\377\133\211\210\305\000H\000e\000a\000r\000t\000b\000e\000a\000t}{chapter.16}% 235
\BOOKMARK [1][-]{section.16.2}{\376\377\221\115\177\156\000H\000e\000a\000r\000t\000b\000e\000a\000t}{chapter.16}% 236
\BOOKMARK [1][-]{section.16.3}{\376\377\155\113\213\325}{chapter.16}% 237
\BOOKMARK [0][-]{chapter.17}{\376\377\000N\000g\000i\000n\000x\215\037\217\175\127\107\210\141\116\016\232\330\123\357\165\050\226\306\177\244}{part.4}% 238
\BOOKMARK [1][-]{section.17.1}{\376\377\000u\000p\000s\000t\000r\000e\000a\000m\152\041\127\127\116\313\176\315}{chapter.17}% 239
\BOOKMARK [1][-]{section.17.2}{\376\377\000N\000g\000i\000n\000x\215\037\217\175\127\107\210\141\145\271\154\325\116\313\176\315}{chapter.17}% 240
\BOOKMARK [1][-]{section.17.3}{\376\377\121\306\131\007\135\345\117\134}{chapter.17}% 241
\BOOKMARK [1][-]{section.17.4}{\376\377\000N\000g\000i\000n\000x\000+\000K\000e\000e\000p\000A\000l\000i\000v\000e\000d\232\330\123\357\165\050}{chapter.17}% 242
\BOOKMARK [0][-]{chapter.18}{\376\377\000P\000a\000c\000e\000m\000a\000k\000e\000r\000+\000C\000o\000r\000o\000s\000y\000n\000c\232\330\123\357\165\050\226\306\177\244}{part.4}% 243
\BOOKMARK [1][-]{section.18.1}{\376\377\121\306\131\007\135\345\117\134}{chapter.18}% 244
\BOOKMARK [1][-]{section.18.2}{\376\377\133\211\210\305\217\157\116\366\123\005}{chapter.18}% 245
\BOOKMARK [1][-]{section.18.3}{\376\377\221\115\177\156\123\312\124\057\122\250\000c\000o\000r\000o\000s\000y\000n\000c}{chapter.18}% 246
\BOOKMARK [1][-]{section.18.4}{\376\377\116\072\226\306\177\244\155\373\122\240\215\104\156\220}{chapter.18}% 247
\BOOKMARK [1][-]{section.18.5}{\376\377\116\072\000W\000e\000b\122\033\136\372\000I\000P\215\104\156\220}{chapter.18}% 248
\BOOKMARK [1][-]{section.18.6}{\376\377\232\330\123\357\165\050\232\214\213\301}{chapter.18}% 249
\BOOKMARK [0][-]{chapter.19}{\376\377\000D\000R\000B\000D}{part.4}% 250
\BOOKMARK [1][-]{section.19.1}{\376\377\116\011\171\315\124\014\153\145\152\041\137\017}{chapter.19}% 251
\BOOKMARK [1][-]{section.19.2}{\376\377\133\211\210\305\123\312\221\115\177\156\000D\000R\000B\000D}{chapter.19}% 252
\BOOKMARK [0][-]{chapter.20}{\376\377\000H\000A\000p\000r\000o\000x\000y\215\037\217\175\127\107\210\141\116\016\232\330\123\357\165\050}{part.4}% 253
\BOOKMARK [1][-]{section.20.1}{\376\377\121\163\116\216\000H\000A\000p\000r\000o\000x\000y}{chapter.20}% 254
\BOOKMARK [1][-]{section.20.2}{\376\377\163\257\130\203\121\306\131\007}{chapter.20}% 255
\BOOKMARK [2][-]{subsection.20.2.1}{\376\377\155\113\213\325\163\257\130\203\121\306\131\007}{section.20.2}% 256
\BOOKMARK [2][-]{subsection.20.2.2}{\376\377\133\211\210\305\000E\000P\000E\000L\156\220}{section.20.2}% 257
\BOOKMARK [1][-]{section.20.3}{\376\377\000H\000A\000p\000r\000o\000x\000y\166\204\232\330\123\357\165\050}{chapter.20}% 258
\BOOKMARK [-1][-]{part.5}{\376\377\173\054\116\224\220\350\122\006\000\040\226\306\177\244\166\321\143\247\173\307}{}% 259
\BOOKMARK [0][-]{chapter.21}{\376\377\000Z\000a\000b\000b\000i\000x}{part.5}% 260
\BOOKMARK [1][-]{section.21.1}{\376\377\000Z\000a\000b\000b\000i\000x\173\200\116\313}{chapter.21}% 261
\BOOKMARK [1][-]{section.21.2}{\376\377\000Z\000a\000b\000b\000i\000x\166\321\143\247\145\271\150\110\116\313\176\315}{chapter.21}% 262
\BOOKMARK [1][-]{section.21.3}{\376\377\226\306\177\244\151\202\217\360}{chapter.21}% 263
\BOOKMARK [-1][-]{part.6}{\376\377\173\054\121\155\220\350\122\006\000\040\201\352\122\250\123\026\217\320\176\364\173\307}{}% 264
\BOOKMARK [0][-]{chapter.22}{\376\377\000P\000X\000E\142\171\221\317\174\373\176\337\133\211\210\305}{part.6}% 265
\BOOKMARK [1][-]{section.22.1}{\376\377\000P\000X\000E\173\200\116\313}{chapter.22}% 266
\BOOKMARK [1][-]{section.22.2}{\376\377\000P\000X\000E\135\345\117\134\123\237\164\006}{chapter.22}% 267
\BOOKMARK [2][-]{subsection.22.2.1}{\376\377\000P\000X\000E\135\345\117\134\123\237\164\006\150\106\126\376}{section.22.2}% 268
\BOOKMARK [2][-]{subsection.22.2.2}{\376\377\000P\000X\000E\135\345\117\134\123\237\164\006\171\072\141\017\126\376}{section.22.2}% 269
\BOOKMARK [1][-]{section.22.3}{\376\377\137\000\131\313\144\055\136\372\000P\000X\000E\147\015\122\241\126\150}{chapter.22}% 270
\BOOKMARK [2][-]{subsection.22.3.1}{\376\377\133\211\210\305\123\312\221\115\177\156\000D\000H\000C\000P\147\015\122\241}{section.22.3}% 271
\BOOKMARK [1][-]{section.22.4}{\376\377\133\211\210\305\123\312\221\115\177\156\000T\000F\000T\000P\147\015\122\241}{chapter.22}% 272
\BOOKMARK [1][-]{section.22.5}{\376\377\133\211\210\305\123\312\221\115\177\156\000N\000F\000S\147\015\122\241}{chapter.22}% 273
\BOOKMARK [1][-]{section.22.6}{\376\377\000S\000L\000E\000L\0001\0001\000s\000p\0002\174\373\176\337\225\134\120\317\145\207\116\366}{chapter.22}% 274
\BOOKMARK [2][-]{subsection.22.6.1}{\376\377\166\356\137\125\176\323\147\204}{section.22.6}% 275
\BOOKMARK [2][-]{subsection.22.6.2}{\376\377\225\134\120\317\143\002\217\175}{section.22.6}% 276
\BOOKMARK [2][-]{subsection.22.6.3}{\376\377\131\015\122\066\174\373\176\337\121\205\150\070\145\207\116\366}{section.22.6}% 277
\BOOKMARK [2][-]{subsection.22.6.4}{\376\377\122\033\136\372\000d\000e\000f\000a\000u\000l\000t\145\207\116\366}{section.22.6}% 278
\BOOKMARK [2][-]{subsection.22.6.5}{\376\377\000A\000u\000t\000o\000Y\000a\000s\000t\201\352\122\250\123\026\133\211\210\305\201\032\147\054}{section.22.6}% 279
\BOOKMARK [0][-]{chapter.23}{\376\377\000C\000o\000b\000b\000l\000e\000r\201\352\122\250\123\026\210\305\147\072}{part.6}% 280
\BOOKMARK [0][-]{chapter.24}{\376\377\000O\000m\000n\000i\000t\000t\000y}{part.6}% 281
\BOOKMARK [1][-]{section.24.1}{\376\377\000O\000m\000n\000i\000t\000t\000y\166\204\173\200\123\125\117\177\165\050}{chapter.24}% 282
\BOOKMARK [2][-]{subsection.24.1.1}{\376\377\155\373\122\240\147\072\126\150}{section.24.1}% 283
\BOOKMARK [2][-]{subsection.24.1.2}{\376\377\157\300\155\073\147\072\126\150}{section.24.1}% 284
\BOOKMARK [2][-]{subsection.24.1.3}{\376\377\137\000\131\313\144\315\117\134}{section.24.1}% 285
\BOOKMARK [0][-]{chapter.25}{\376\377\000A\000n\000s\000i\000b\000l\000e}{part.6}% 286
\BOOKMARK [1][-]{section.25.1}{\376\377\121\163\116\216\000A\000n\000s\000i\000b\000l\000e}{chapter.25}% 287
\BOOKMARK [1][-]{section.25.2}{\376\377\133\211\210\305\000A\000n\000s\000i\000b\000l\000e}{chapter.25}% 288
\BOOKMARK [1][-]{section.25.3}{\376\377\155\113\213\325\000A\000n\000s\000i\000b\000l\000e}{chapter.25}% 289
\BOOKMARK [2][-]{subsection.25.3.1}{\376\377\000c\000o\000m\000m\000a\000n\000d\152\041\127\127}{section.25.3}% 290
\BOOKMARK [2][-]{subsection.25.3.2}{\376\377\000s\000h\000e\000l\000l\152\041\127\127}{section.25.3}% 291
\BOOKMARK [2][-]{subsection.25.3.3}{\376\377\000p\000a\000c\000k\000a\000g\000e\152\041\127\127}{section.25.3}% 292
\BOOKMARK [2][-]{subsection.25.3.4}{\376\377\000s\000e\000r\000v\000i\000c\000e\152\041\127\127}{section.25.3}% 293
\BOOKMARK [2][-]{subsection.25.3.5}{\376\377\000f\000i\000l\000e\152\041\127\127}{section.25.3}% 294
\BOOKMARK [2][-]{subsection.25.3.6}{\376\377\000c\000o\000p\000y\152\041\127\127}{section.25.3}% 295
\BOOKMARK [2][-]{subsection.25.3.7}{\376\377\000l\000i\000n\000e\000i\000n\000f\000i\000l\000e\152\041\127\127}{section.25.3}% 296
\BOOKMARK [2][-]{subsection.25.3.8}{\376\377\000s\000e\000t\000u\000p\152\041\127\127}{section.25.3}% 297
\BOOKMARK [2][-]{subsection.25.3.9}{\376\377\203\267\137\227\152\041\127\127\166\204\136\056\122\251\117\341\140\157}{section.25.3}% 298
\BOOKMARK [1][-]{section.25.4}{\376\377\000A\000n\000s\000i\000b\000l\000e\135\345\117\134\155\101\172\013}{chapter.25}% 299
\BOOKMARK [1][-]{section.25.5}{\376\377\000p\000l\000a\000y\000b\000o\000o\000k\000s}{chapter.25}% 300
\BOOKMARK [1][-]{section.25.6}{\376\377\116\000\116\052\176\374\124\010\133\236\117\213}{chapter.25}% 301
\BOOKMARK [0][-]{chapter.26}{\376\377\000f\000a\000b\000r\000i\000c}{part.6}% 302
\BOOKMARK [0][-]{chapter.27}{\376\377\000S\000a\000l\000t\000S\000t\000a\000c\000k}{part.6}% 303
\BOOKMARK [1][-]{section.27.1}{\376\377\122\035\213\306\000S\000a\000l\000t\000S\000t\000a\000c\000k}{chapter.27}% 304
\BOOKMARK [1][-]{section.27.2}{\376\377\133\211\210\305\123\312\217\320\210\114\000S\000a\000l\000t\000S\000t\000a\000c\000k}{chapter.27}% 305
\BOOKMARK [2][-]{subsection.27.2.1}{\376\377\163\257\130\203\121\306\131\007}{section.27.2}% 306
\BOOKMARK [2][-]{subsection.27.2.2}{\376\377\133\211\210\305\000S\000a\000l\000t\000S\000t\000a\000c\000k\000\040\000M\000a\000s\000t\000e\000r}{section.27.2}% 307
\BOOKMARK [2][-]{subsection.27.2.3}{\376\377\133\211\210\305\000S\000a\000l\000t\000S\000t\000a\000c\000k\000\040\000M\000i\000n\000i\000o\000n}{section.27.2}% 308
\BOOKMARK [1][-]{section.27.3}{\376\377\000S\000a\000l\000t\000S\000t\000a\000c\000k\221\115\177\156}{chapter.27}% 309
\BOOKMARK [2][-]{subsection.27.3.1}{\376\377\000M\000a\000s\000t\000e\000r\172\357\221\115\177\156}{section.27.3}% 310
\BOOKMARK [2][-]{subsection.27.3.2}{\376\377\000M\000i\000n\000i\000o\000n\172\357\221\115\177\156}{section.27.3}% 311
\BOOKMARK [1][-]{section.27.4}{\376\377\127\372\147\054\117\177\165\050}{chapter.27}% 312
\BOOKMARK [2][-]{subsection.27.4.1}{\376\377\123\125\000m\000a\000s\000t\000e\000r\213\276\177\156}{section.27.4}% 313
\BOOKMARK [2][-]{subsection.27.4.2}{\376\377\127\372\147\054\124\175\116\344}{section.27.4}% 314
\BOOKMARK [2][-]{subsection.27.4.3}{\376\377\133\306\224\245\173\241\164\006}{section.27.4}% 315
\BOOKMARK [2][-]{subsection.27.4.4}{\376\377\133\232\117\115\000m\000i\000n\000i\000o\000n\000s}{section.27.4}% 316
\BOOKMARK [1][-]{section.27.5}{\376\377\164\006\211\343\000Y\000A\000M\000L}{chapter.27}% 317
\BOOKMARK [1][-]{section.27.6}{\376\377\000S\000a\000l\000t\000S\000t\000a\000c\000k\221\115\177\156\173\241\164\006\133\236\117\213}{chapter.27}% 318
\BOOKMARK [2][-]{subsection.27.6.1}{\376\377\133\211\210\305\000J\000D\000K}{section.27.6}% 319
\BOOKMARK [2][-]{subsection.27.6.2}{\376\377\133\211\210\305\000T\000o\000m\000c\000a\000t}{section.27.6}% 320
\BOOKMARK [2][-]{subsection.27.6.3}{\376\377\133\211\210\305\000N\000g\000i\000n\000x}{section.27.6}% 321
\BOOKMARK [2][-]{subsection.27.6.4}{\376\377\133\211\210\305\000M\000y\000S\000Q\000L}{section.27.6}% 322
\BOOKMARK [2][-]{subsection.27.6.5}{\376\377\133\211\210\305\000P\000H\000P}{section.27.6}% 323
\BOOKMARK [2][-]{subsection.27.6.6}{\376\377\133\211\210\305\000R\000e\000d\000i\000s}{section.27.6}% 324
\BOOKMARK [2][-]{subsection.27.6.7}{\376\377\133\211\210\305\000E\000L\000K\000\040\000S\000t\000a\000c\000k}{section.27.6}% 325
\BOOKMARK [2][-]{subsection.27.6.8}{\376\377\133\211\210\305\000O\000p\000e\000n\000S\000t\000a\000c\000k}{section.27.6}% 326
\BOOKMARK [0][-]{chapter.28}{\376\377\000P\000u\000p\000p\000e\000t}{part.6}% 327
\BOOKMARK [1][-]{section.28.1}{\376\377\121\163\116\216\000P\000u\000p\000p\000e\000t}{chapter.28}% 328
\BOOKMARK [1][-]{section.28.2}{\376\377\147\015\122\241\126\150\172\357\000p\000u\000p\000p\000e\000t\000c\000a\133\211\210\305\221\115\177\156}{chapter.28}% 329
\BOOKMARK [2][-]{subsection.28.2.1}{\376\377\221\115\177\156\000N\000T\000P}{section.28.2}% 330
\BOOKMARK [2][-]{subsection.28.2.2}{\376\377\130\236\122\240\206\132\142\337\000I\000P}{section.28.2}% 331
\BOOKMARK [2][-]{subsection.28.2.3}{\376\377\116\073\147\072\124\015\000I\000P\227\131\140\001\211\343\147\220\221\115\177\156\124\214\232\214\213\301}{section.28.2}% 332
\BOOKMARK [2][-]{subsection.28.2.4}{\376\377\133\211\210\305\145\260\162\110\147\054\000p\000u\000p\000p\000e\000t\217\157\116\366\123\005}{section.28.2}% 333
\BOOKMARK [2][-]{subsection.28.2.5}{\376\377\117\356\145\071\221\115\177\156\136\166\232\214\213\301\176\323\147\234}{section.28.2}% 334
\BOOKMARK [1][-]{section.28.3}{\376\377\133\242\142\067\172\357\000p\000u\000p\000p\000e\000t\133\211\210\305\221\115\177\156}{chapter.28}% 335
\BOOKMARK [1][-]{section.28.4}{\376\377\147\015\122\241\126\150\172\357\000r\000a\000b\000b\000i\000t\000m\000q\000-\000s\000e\000r\000v\000e\000r\133\211\210\305\221\115\177\156}{chapter.28}% 336
\BOOKMARK [1][-]{section.28.5}{\376\377\147\015\122\241\126\150\172\357\000m\000c\000o\000l\000l\000e\000c\000t\000i\000v\000e\133\211\210\305\221\115\177\156}{chapter.28}% 337
\BOOKMARK [1][-]{section.28.6}{\376\377\133\242\142\067\172\357\000m\000c\000o\000l\000l\000e\000c\000t\000i\000v\000e\133\211\210\305\221\115\177\156}{chapter.28}% 338
\BOOKMARK [0][-]{chapter.29}{\376\377\000G\000i\000t}{part.6}% 339
\BOOKMARK [1][-]{section.29.1}{\376\377\000g\000i\000t\173\200\116\313}{chapter.29}% 340
\BOOKMARK [1][-]{section.29.2}{\376\377\133\211\210\305\000g\000i\000t}{chapter.29}% 341
\BOOKMARK [1][-]{section.29.3}{\376\377\122\033\136\372\162\110\147\054\136\223}{chapter.29}% 342
\BOOKMARK [1][-]{section.29.4}{\376\377\147\054\127\060\116\323\136\223}{chapter.29}% 343
\BOOKMARK [2][-]{subsection.29.4.1}{\376\377\162\110\147\054\126\336\220\000}{section.29.4}% 344
\BOOKMARK [2][-]{subsection.29.4.2}{\376\377\135\345\117\134\123\072\124\214\146\202\133\130\123\072}{section.29.4}% 345
\BOOKMARK [2][-]{subsection.29.4.3}{\376\377\173\241\164\006\117\356\145\071}{section.29.4}% 346
\BOOKMARK [2][-]{subsection.29.4.4}{\376\377\144\244\225\000\117\356\145\071}{section.29.4}% 347
\BOOKMARK [2][-]{subsection.29.4.5}{\376\377\122\040\226\144\145\207\116\366}{section.29.4}% 348
\BOOKMARK [1][-]{section.29.5}{\376\377\217\334\172\013\116\323\136\223}{chapter.29}% 349
\BOOKMARK [2][-]{subsection.29.5.1}{\376\377\155\373\122\240\217\334\172\013\136\223}{section.29.5}% 350
\BOOKMARK [2][-]{subsection.29.5.2}{\376\377\121\113\226\206\217\334\172\013\136\223}{section.29.5}% 351
\BOOKMARK [1][-]{section.29.6}{\376\377\122\006\145\057\173\241\164\006}{chapter.29}% 352
\BOOKMARK [2][-]{subsection.29.6.1}{\376\377\122\033\136\372\116\016\124\010\136\166\122\006\145\057}{section.29.6}% 353
\BOOKMARK [2][-]{subsection.29.6.2}{\376\377\211\343\121\263\121\262\172\201}{section.29.6}% 354
\BOOKMARK [2][-]{subsection.29.6.3}{\376\377\122\006\145\057\173\241\164\006\173\126\165\145}{section.29.6}% 355
\BOOKMARK [2][-]{subsection.29.6.4}{\376\377\000B\000u\000g\122\006\145\057}{section.29.6}% 356
\BOOKMARK [2][-]{subsection.29.6.5}{\376\377\000F\000e\000a\000t\000u\000r\000e\122\006\145\057}{section.29.6}% 357
\BOOKMARK [2][-]{subsection.29.6.6}{\376\377\131\032\116\272\123\117\117\134}{section.29.6}% 358
\BOOKMARK [1][-]{section.29.7}{\376\377\150\007\173\176\173\241\164\006}{chapter.29}% 359
\BOOKMARK [2][-]{subsection.29.7.1}{\376\377\122\033\136\372\150\007\173\176}{section.29.7}% 360
\BOOKMARK [2][-]{subsection.29.7.2}{\376\377\144\315\117\134\150\007\173\176}{section.29.7}% 361
\BOOKMARK [1][-]{section.29.8}{\376\377\117\177\165\050\000G\000i\000t\000H\000u\000b}{chapter.29}% 362
\BOOKMARK [1][-]{section.29.9}{\376\377\201\352\133\232\116\111\000G\000i\000t}{chapter.29}% 363
\BOOKMARK [2][-]{subsection.29.9.1}{\376\377\137\375\165\145\162\171\153\212\145\207\116\366}{section.29.9}% 364
\BOOKMARK [2][-]{subsection.29.9.2}{\376\377\221\115\177\156\122\053\124\015}{section.29.9}% 365
\BOOKMARK [2][-]{subsection.29.9.3}{\376\377\144\055\136\372\000G\000i\000t\147\015\122\241\126\150}{section.29.9}% 366
\BOOKMARK [-1][-]{part.7}{\376\377\173\054\116\003\220\350\122\006\000\040\206\132\142\337\123\026\220\350\122\006}{}% 367
\BOOKMARK [0][-]{chapter.30}{\376\377\000K\000V\000M}{part.7}% 368
\BOOKMARK [1][-]{section.30.1}{\376\377\121\163\116\216\000K\000V\000M}{chapter.30}% 369
\BOOKMARK [2][-]{subsection.30.1.1}{\376\377\000K\000V\000M\173\241\164\006\135\345\121\167\000l\000i\000b\000v\000i\000r\000t\173\200\116\313}{section.30.1}% 370
\BOOKMARK [2][-]{subsection.30.1.2}{\376\377\000l\000i\000b\000v\000i\000r\000t\116\055\166\204\116\000\116\233\147\057\213\355}{section.30.1}% 371
\BOOKMARK [2][-]{subsection.30.1.3}{\376\377\150\300\147\345\133\277\116\073\147\072\146\057\124\046\145\057\143\001\000K\000V\000M\206\132\142\337\123\026}{section.30.1}% 372
\BOOKMARK [1][-]{section.30.2}{\376\377\133\211\210\305\122\115\166\204\121\306\131\007\135\345\117\134}{chapter.30}% 373
\BOOKMARK [2][-]{subsection.30.2.1}{\376\377\000K\000V\000M\155\113\213\325\163\257\130\203}{section.30.2}% 374
\BOOKMARK [2][-]{subsection.30.2.2}{\376\377\133\211\210\305\000E\000P\000E\000L\156\220}{section.30.2}% 375
\BOOKMARK [2][-]{subsection.30.2.3}{\376\377\133\211\210\305\000K\000V\000M\173\241\164\006\135\345\121\167}{section.30.2}% 376
\BOOKMARK [1][-]{section.30.3}{\376\377\137\000\131\313\220\350\177\162\000K\000V\000M\206\132\142\337\147\072}{chapter.30}% 377
\BOOKMARK [2][-]{subsection.30.3.1}{\376\377\122\033\136\372\206\132\142\337\147\072\225\134\120\317}{section.30.3}% 378
\BOOKMARK [2][-]{subsection.30.3.2}{\376\377\133\211\210\305\206\132\142\337\147\072}{section.30.3}% 379
\BOOKMARK [1][-]{section.30.4}{\376\377\000K\000V\000M\206\132\142\337\147\072\173\241\164\006}{chapter.30}% 380
\BOOKMARK [2][-]{subsection.30.4.1}{\376\377\000l\000i\000b\000v\000i\000r\000t\166\204\221\115\177\156\124\214\117\177\165\050}{section.30.4}% 381
\BOOKMARK [2][-]{subsection.30.4.2}{\376\377\206\132\142\337\147\072\142\367\215\035}{section.30.4}% 382
\BOOKMARK [2][-]{subsection.30.4.3}{\376\377\206\132\142\337\147\072\121\113\226\206}{section.30.4}% 383
\BOOKMARK [2][-]{subsection.30.4.4}{\376\377\130\236\122\240\206\132\142\337\147\072\170\154\166\330\172\172\225\364}{section.30.4}% 384
\BOOKMARK [2][-]{subsection.30.4.5}{\376\377\206\132\142\337\147\072\170\154\166\330\150\074\137\017\217\154\143\142}{section.30.4}% 385
\BOOKMARK [2][-]{subsection.30.4.6}{\376\377\206\132\142\337\147\072\217\301\171\373}{section.30.4}% 386
\BOOKMARK [2][-]{subsection.30.4.7}{\376\377\122\033\136\372\206\132\142\337\147\072\137\353\161\147}{section.30.4}% 387
\BOOKMARK [1][-]{section.30.5}{\376\377\000K\000V\000M\206\132\142\337\147\072\150\145\143\245\177\121\176\334}{chapter.30}% 388
\BOOKMARK [1][-]{section.30.6}{\376\377\000L\000i\000b\000v\000i\000r\000t\000\040\000A\000P\000I}{chapter.30}% 389
\BOOKMARK [2][-]{subsection.30.6.1}{\376\377\000L\000i\000b\000v\000i\000r\000t\000\040\000A\000P\000I\173\200\116\313}{section.30.6}% 390
\BOOKMARK [2][-]{subsection.30.6.2}{\376\377\000C\000\040\000A\000P\000I\171\072\117\213}{section.30.6}% 391
\BOOKMARK [2][-]{subsection.30.6.3}{\376\377\000P\000y\000t\000h\000o\000n\000\040\000A\000P\000I\171\072\117\213}{section.30.6}% 392
\BOOKMARK [0][-]{chapter.31}{\376\377\000D\000o\000c\000k\000e\000r}{part.7}% 393
\BOOKMARK [1][-]{section.31.1}{\376\377\121\163\116\216\000D\000o\000c\000k\000e\000r}{chapter.31}% 394
\BOOKMARK [1][-]{section.31.2}{\376\377\133\271\126\150\000\040\000V\000S\000.\000\040\206\132\142\337\147\072}{chapter.31}% 395
\BOOKMARK [1][-]{section.31.3}{\376\377\000D\000o\000c\000k\000e\000r\173\200\116\313}{chapter.31}% 396
\BOOKMARK [2][-]{subsection.31.3.1}{\376\377\000D\000o\000c\000k\000e\000r\116\016\117\040\176\337\206\132\142\337\147\072\136\372\147\204\133\371\153\324}{section.31.3}% 397
\BOOKMARK [2][-]{subsection.31.3.2}{\376\377\136\224\165\050\133\271\126\150\206\132\142\337\123\026\133\232\117\115}{section.31.3}% 398
\BOOKMARK [2][-]{subsection.31.3.3}{\376\377\000D\000o\000c\000k\000e\000r\147\011\124\352\116\233\117\030\122\277}{section.31.3}% 399
\BOOKMARK [2][-]{subsection.31.3.4}{\376\377\000D\000o\000c\000k\000e\000r\136\224\165\050\127\072\146\157}{section.31.3}% 400
\BOOKMARK [2][-]{subsection.31.3.5}{\376\377\000D\000o\000c\000k\000e\000r\176\304\142\020}{section.31.3}% 401
\BOOKMARK [1][-]{section.31.4}{\376\377\133\211\210\305\123\312\124\057\122\250\173\054\116\000\123\360\000D\000o\000c\000k\000e\000r\133\271\126\150}{chapter.31}% 402
\BOOKMARK [1][-]{section.31.5}{\376\377\155\113\213\325\163\257\130\203}{chapter.31}% 403
\BOOKMARK [2][-]{subsection.31.5.1}{\376\377\133\211\210\305\000D\000o\000c\000k\000e\000r}{section.31.5}% 404
\BOOKMARK [2][-]{subsection.31.5.2}{\376\377\217\320\210\114\173\054\116\000\123\360\000D\000o\000c\000k\000e\000r\133\271\126\150}{section.31.5}% 405
\BOOKMARK [1][-]{section.31.6}{\376\377\133\271\126\150\123\312\225\134\120\317\173\241\164\006}{chapter.31}% 406
\BOOKMARK [2][-]{subsection.31.6.1}{\376\377\133\271\126\150\173\241\164\006}{section.31.6}% 407
\BOOKMARK [2][-]{subsection.31.6.2}{\376\377\225\134\120\317\173\241\164\006}{section.31.6}% 408
\BOOKMARK [1][-]{section.31.7}{\376\377\147\204\136\372\000D\000o\000c\000k\000e\000r\225\134\120\317}{chapter.31}% 409
\BOOKMARK [2][-]{subsection.31.7.1}{\376\377\142\113\135\345\147\204\136\372}{section.31.7}% 410
\BOOKMARK [2][-]{subsection.31.7.2}{\376\377\117\177\165\050\000D\000o\000c\000k\000e\000r\000f\000i\000l\000e\147\204\136\372}{section.31.7}% 411
\BOOKMARK [0][-]{chapter.32}{\376\377\000O\000p\000e\000n\000S\000t\000a\000c\000k}{part.7}% 412
\BOOKMARK [1][-]{section.32.1}{\376\377\000O\000p\000e\000n\000S\000t\000a\000c\000k\173\200\116\313}{chapter.32}% 413
\BOOKMARK [2][-]{subsection.32.1.1}{\376\377\000O\000p\000e\000n\000S\000t\000a\000c\000k\136\070\165\050\176\304\116\366\116\313\176\315}{section.32.1}% 414
\BOOKMARK [1][-]{section.32.2}{\376\377\133\211\210\305\122\115\166\204\121\306\131\007\135\345\117\134}{chapter.32}% 415
\BOOKMARK [0][-]{chapter.33}{\376\377\121\154\147\011\116\221}{part.7}% 416
\BOOKMARK [1][-]{section.33.1}{\376\377\121\154\147\011\116\221\173\200\116\313}{chapter.33}% 417
\BOOKMARK [-1][-]{part.8}{\376\377\173\054\121\153\220\350\122\006\000\040\177\121\176\334\220\350\122\006}{}% 418
\BOOKMARK [0][-]{chapter.34}{\376\377\000T\000C\000P\000/\000I\000P}{part.8}% 419
\BOOKMARK [1][-]{section.34.1}{\376\377\000O\000S\000I\177\121\176\334\123\302\200\003\152\041\127\213}{chapter.34}% 420
\BOOKMARK [2][-]{subsection.34.1.1}{\376\377\000T\000C\000P\000/\000I\000P\116\011\153\041\143\341\142\113}{section.34.1}% 421
\BOOKMARK [2][-]{subsection.34.1.2}{\376\377\000T\000C\000P\000/\000I\000P\126\333\153\041\143\045\142\113}{section.34.1}% 422
\BOOKMARK [0][-]{chapter.35}{\376\377\000H\0003\000C\116\244\143\142\147\072\221\115\177\156}{part.8}% 423
\BOOKMARK [1][-]{section.35.1}{\376\377\221\115\177\156\000t\000e\000l\000n\000e\000t\145\271\137\017\166\173\137\125}{chapter.35}% 424
\BOOKMARK [2][-]{subsection.35.1.1}{\376\377\213\244\213\301\145\271\137\017\116\072\000S\000c\000h\000e\000m\000e\145\366\166\204\166\173\137\125\221\115\177\156}{section.35.1}% 425
\BOOKMARK [1][-]{section.35.2}{\376\377\116\345\131\052\177\121\143\245\123\343\221\115\177\156}{chapter.35}% 426
\BOOKMARK [2][-]{subsection.35.2.1}{\376\377\142\123\137\000\142\026\121\163\225\355\116\345\131\052\177\121\143\245\123\343}{section.35.2}% 427
\BOOKMARK [2][-]{subsection.35.2.2}{\376\377\116\345\131\052\177\121\172\357\123\343\127\372\147\054\134\136\140\047\221\115\177\156}{section.35.2}% 428
\BOOKMARK [1][-]{section.35.3}{\376\377\116\345\131\052\177\121\143\245\123\343\166\204\221\115\177\156\146\076\171\072\124\214\176\364\142\244}{chapter.35}% 429
\BOOKMARK [-1][-]{part.9}{\376\377\173\054\116\135\220\350\122\006\000\040\226\104\137\125\220\350\122\006}{}% 430
\BOOKMARK [0][-]{appendix.A}{\376\377\116\146\116\055\166\204\156\220\170\001}{part.9}% 431
\BOOKMARK [1][-]{section.A.1}{\376\377\173\054\0001\172\340\143\322\126\376\156\220\170\001}{appendix.A}% 432
\BOOKMARK [1][-]{section.A.2}{\376\377\173\054\0002\172\340\143\322\126\376\156\220\170\001}{appendix.A}% 433
\BOOKMARK [1][-]{section.A.3}{\376\377\173\054\0001\0004\172\340\143\322\126\376\156\220\170\001}{appendix.A}% 434
