This is pdfTeX, Version 3.14159265-2.6-1.40.16 (TeX Live 2015/W32TeX) (preloaded format=mptopdf 2015.6.23)  8 JUL 2015 08:40
 restricted \write18 enabled.
 %&-line parsing enabled.
**\relax ./do.mps
 (./do.mps{f:/texlive/2015/texmf-var/fonts/map/pdftex/updmap/pdftex.map}) [1] 
Here is how much of TeX's memory you used:
 130 strings out of 496714
 974 string characters out of 6201230
 4017759 words of memory out of 9002966
 1775 multiletter control sequences out of 15000+600000
 2252 words of font info for 8 fonts, out of 8000000 for 9000
 0 hyphenation exceptions out of 8191
 10i,3n,7p,114b,324s stack positions out of 5000i,500n,10000p,200000b,80000s
<f
:/texlive/2015/texmf-dist/fonts/type1/public/amsfonts/cm/cmr10.pfb><f:/texlive/
2015/texmf-dist/fonts/type1/arphic/gbsnu/gbsnu4f.pfb><f:/texlive/2015/texmf-dis
t/fonts/type1/arphic/gbsnu/gbsnu50.pfb><f:/texlive/2015/texmf-dist/fonts/type1/
arphic/gbsnu/gbsnu5f.pfb><f:/texlive/2015/texmf-dist/fonts/type1/arphic/gbsnu/g
bsnu73.pfb><f:/texlive/2015/texmf-dist/fonts/type1/arphic/gbsnu/gbsnu77.pfb><f:
/texlive/2015/texmf-dist/fonts/type1/arphic/gbsnu/gbsnu88.pfb><f:/texlive/2015/
texmf-dist/fonts/type1/arphic/gbsnu/gbsnu8f.pfb>
Output written on do.pdf (1 page, 31689 bytes).
PDF statistics:
 40 PDF objects out of 1000 (max. 8388607)
 0 named destinations out of 1000 (max. 500000)
 7 words of extra memory for PDF output out of 10000 (max. 10000000)

