This is pdfTeX, Version 3.14159265-2.6-1.40.16 (TeX Live 2015/W32TeX) (preloaded format=mptopdf 2015.6.23)  6 JUL 2015 13:43
 restricted \write18 enabled.
 %&-line parsing enabled.
**\relax ./myvfs.1
 (./myvfs.1{f:/texlive/2015/texmf-var/fonts/map/pdftex/updmap/pdftex.map}) [1] 
Here is how much of TeX's memory you used:
 43 strings out of 496714
 359 string characters out of 6201230
 4023312 words of memory out of 9008519
 1694 multiletter control sequences out of 15000+600000
 307 words of font info for 1 font, out of 8000000 for 9000
 0 hyphenation exceptions out of 8191
 10i,3n,7p,110b,244s stack positions out of 5000i,500n,10000p,200000b,80000s
<
f:/texlive/2015/texmf-dist/fonts/type1/public/amsfonts/cm/cmr10.pfb>
Output written on myvfs.pdf (1 page, 18654 bytes).
PDF statistics:
 12 PDF objects out of 1000 (max. 8388607)
 0 named destinations out of 1000 (max. 500000)
 7 words of extra memory for PDF output out of 10000 (max. 10000000)

