This is pdfTeX, Version 3.14159265-2.6-1.40.16 (TeX Live 2015/W32TeX) (preloaded format=mptopdf 2015.6.23)  9 JUL 2015 09:03
 restricted \write18 enabled.
 %&-line parsing enabled.
**\relax ./manfig-22.mps
 (./manfig-22.mps{f:/texlive/2015/texmf-var/fonts/map/pdftex/updmap/pdftex.map}
) [1] 
Here is how much of TeX's memory you used:
 89 strings out of 496714
 670 string characters out of 6201230
 4017849 words of memory out of 9003056
 1740 multiletter control sequences out of 15000+600000
 366 words of font info for 1 font, out of 8000000 for 9000
 0 hyphenation exceptions out of 8191
 10i,3n,7p,118b,288s stack positions out of 5000i,500n,10000p,200000b,80000s
<f:/texlive/2015/texmf-dist/fonts/type1/public/amsfonts/cm/cmmi10.pfb>
Output written on manfig-22.pdf (1 page, 10052 bytes).
PDF statistics:
 12 PDF objects out of 1000 (max. 8388607)
 0 named destinations out of 1000 (max. 500000)
 7 words of extra memory for PDF output out of 10000 (max. 10000000)

