This is pdfTeX, Version 3.14159265-2.6-1.40.16 (TeX Live 2015/W32TeX) (preloaded format=mptopdf 2015.6.23)  9 JUL 2015 09:03
 restricted \write18 enabled.
 %&-line parsing enabled.
**\relax ./manfig-20.mps
 (./manfig-20.mps{f:/texlive/2015/texmf-var/fonts/map/pdftex/updmap/pdftex.map}
) [warning: the height is less than 1in] [1] 
Here is how much of TeX's memory you used:
 89 strings out of 496714
 675 string characters out of 6201230
 4018122 words of memory out of 9003329
 1739 multiletter control sequences out of 15000+600000
 1253 words of font info for 2 fonts, out of 8000000 for 9000
 0 hyphenation exceptions out of 8191
 10i,3n,7p,124b,287s stack positions out of 5000i,500n,10000p,200000b,80000s
{f:/texlive/2015/texmf-dist/fonts/e
nc/dvips/base/8r.enc}<f:/texlive/2015/texmf-dist/fonts/type1/public/amsfonts/cm
/cmtt10.pfb><f:/texlive/2015/texmf-dist/fonts/type1/urw/times/utmr8a.pfb>
Output written on manfig-20.pdf (1 page, 19756 bytes).
PDF statistics:
 17 PDF objects out of 1000 (max. 8388607)
 0 named destinations out of 1000 (max. 500000)
 7 words of extra memory for PDF output out of 10000 (max. 10000000)

